#
# There is insufficient memory for the Java Runtime Environment to continue.
# Native memory allocation (mmap) failed to map 9437184 bytes for G1 virtual space
# Possible reasons:
#   The system is out of physical RAM or swap space
#   The process is running with CompressedOops enabled, and the Java Heap may be blocking the growth of the native heap
# Possible solutions:
#   Reduce memory load on the system
#   Increase physical memory or swap space
#   Check if swap backing store is full
#   Decrease Java heap size (-Xmx/-Xms)
#   Decrease number of Java threads
#   Decrease Java thread stack sizes (-Xss)
#   Set larger code cache with -XX:ReservedCodeCacheSize=
#   JVM is running with Unscaled Compressed Oops mode in which the Java heap is
#     placed in the first 4GB address space. The Java Heap base address is the
#     maximum limit for the native heap growth. Please use -XX:HeapBaseMinAddress
#     to set the Java Heap base and to place the Java Heap above 4GB virtual address.
# This output file may be truncated or incomplete.
#
#  Out of Memory Error (os_windows.cpp:3825), pid=7256, tid=3448
#
# JRE version: OpenJDK Runtime Environment (17.0.9) (build 17.0.9+0--11185874)
# Java VM: OpenJDK 64-Bit Server VM (17.0.9+0--11185874, mixed mode, tiered, compressed oops, compressed class ptrs, g1 gc, windows-amd64)
# No core dump will be written. Minidumps are not enabled by default on client versions of Windows
#

---------------  S U M M A R Y ------------

Command Line: -Dapplication.home=C:\Program Files\Android\Android Studio\jbr --add-modules=ALL-DEFAULT -Xms8m -Djdk.module.main=jdk.jlink jdk.jlink/jdk.tools.jlink.internal.Main --module-path C:\Users\Murat\.gradle\caches\transforms-3\0ddb651e434cf0566b714f22323acfb9\transformed\output\temp\jmod --add-modules java.base --output C:\Users\Murat\.gradle\caches\transforms-3\0ddb651e434cf0566b714f22323acfb9\transformed\output\jdkImage --disable-plugin system-modules

Host: Intel(R) Core(TM) i5-9300H CPU @ 2.40GHz, 8 cores, 7G,  Windows 10 , 64 bit Build 19041 (10.0.19041.3636)
Time: Tue Apr  2 17:18:16 2024 Türkiye Standart Saati elapsed time: 0.449865 seconds (0d 0h 0m 0s)

---------------  T H R E A D  ---------------

Current thread (0x0000021e6f7b94f0):  VMThread "VM Thread" [stack: 0x00000072da800000,0x00000072da900000] [id=3448]

Stack: [0x00000072da800000,0x00000072da900000]
Native frames: (J=compiled Java code, j=interpreted, Vv=VM code, C=native code)
V  [jvm.dll+0x6886e9]
V  [jvm.dll+0x841e4a]
V  [jvm.dll+0x843a8e]
V  [jvm.dll+0x8440f3]
V  [jvm.dll+0x24c14f]
V  [jvm.dll+0x685499]
V  [jvm.dll+0x679c2a]
V  [jvm.dll+0x30cf9b]
V  [jvm.dll+0x314446]
V  [jvm.dll+0x36425e]
V  [jvm.dll+0x36448f]
V  [jvm.dll+0x2e2d68]
V  [jvm.dll+0x2e0f44]
V  [jvm.dll+0x2e054c]
V  [jvm.dll+0x3253fb]
V  [jvm.dll+0x8487eb]
V  [jvm.dll+0x849531]
V  [jvm.dll+0x849a4d]
V  [jvm.dll+0x849e24]
V  [jvm.dll+0x849ef0]
V  [jvm.dll+0x7f06aa]
V  [jvm.dll+0x687565]
C  [ucrtbase.dll+0x21bb2]
C  [KERNEL32.DLL+0x17344]
C  [ntdll.dll+0x526b1]

VM_Operation (0x00000072da2fe940): G1CollectForAllocation, mode: safepoint, requested by thread 0x0000021e55b209d0


---------------  P R O C E S S  ---------------

Threads class SMR info:
_java_thread_list=0x0000021e6feac9c0, length=13, elements={
0x0000021e55b209d0, 0x0000021e6f818780, 0x0000021e6f819600, 0x0000021e6f849560,
0x0000021e6f84a120, 0x0000021e6f84cbf0, 0x0000021e6f876020, 0x0000021e6f878660,
0x0000021e6f87b390, 0x0000021e6f87d720, 0x0000021e6fbe5400, 0x0000021e6fbe3fc0,
0x0000021e740c46f0
}

Java Threads: ( => current thread )
  0x0000021e55b209d0 JavaThread "main" [_thread_blocked, id=5800, stack(0x00000072da200000,0x00000072da300000)]
  0x0000021e6f818780 JavaThread "Reference Handler" daemon [_thread_blocked, id=14892, stack(0x00000072da900000,0x00000072daa00000)]
  0x0000021e6f819600 JavaThread "Finalizer" daemon [_thread_blocked, id=4712, stack(0x00000072daa00000,0x00000072dab00000)]
  0x0000021e6f849560 JavaThread "Signal Dispatcher" daemon [_thread_blocked, id=11740, stack(0x00000072dab00000,0x00000072dac00000)]
  0x0000021e6f84a120 JavaThread "Attach Listener" daemon [_thread_blocked, id=2348, stack(0x00000072dac00000,0x00000072dad00000)]
  0x0000021e6f84cbf0 JavaThread "Service Thread" daemon [_thread_blocked, id=17200, stack(0x00000072dad00000,0x00000072dae00000)]
  0x0000021e6f876020 JavaThread "Monitor Deflation Thread" daemon [_thread_blocked, id=9668, stack(0x00000072dae00000,0x00000072daf00000)]
  0x0000021e6f878660 JavaThread "C2 CompilerThread0" daemon [_thread_blocked, id=2892, stack(0x00000072daf00000,0x00000072db000000)]
  0x0000021e6f87b390 JavaThread "C1 CompilerThread0" daemon [_thread_blocked, id=13284, stack(0x00000072db000000,0x00000072db100000)]
  0x0000021e6f87d720 JavaThread "Sweeper thread" daemon [_thread_blocked, id=8920, stack(0x00000072db100000,0x00000072db200000)]
  0x0000021e6fbe5400 JavaThread "Common-Cleaner" daemon [_thread_blocked, id=12204, stack(0x00000072db200000,0x00000072db300000)]
  0x0000021e6fbe3fc0 JavaThread "Notification Thread" daemon [_thread_blocked, id=7180, stack(0x00000072db300000,0x00000072db400000)]
  0x0000021e740c46f0 JavaThread "C2 CompilerThread1" daemon [_thread_in_native, id=6948, stack(0x00000072db900000,0x00000072dba00000)]

Other Threads:
=>0x0000021e6f7b94f0 VMThread "VM Thread" [stack: 0x00000072da800000,0x00000072da900000] [id=3448]
  0x0000021e6fcbce60 WatcherThread [stack: 0x00000072db400000,0x00000072db500000] [id=11600]
  0x0000021e55b79c80 GCTaskThread "GC Thread#0" [stack: 0x00000072da300000,0x00000072da400000] [id=8812]
  0x0000021e6fd5e960 GCTaskThread "GC Thread#1" [stack: 0x00000072db500000,0x00000072db600000] [id=5428]
  0x0000021e6fd79600 GCTaskThread "GC Thread#2" [stack: 0x00000072db600000,0x00000072db700000] [id=7008]
  0x0000021e6fd88900 GCTaskThread "GC Thread#3" [stack: 0x00000072db700000,0x00000072db800000] [id=11488]
  0x0000021e6feac540 GCTaskThread "GC Thread#4" [stack: 0x00000072db800000,0x00000072db900000] [id=12212]
  0x0000021e55b8a790 ConcurrentGCThread "G1 Main Marker" [stack: 0x00000072da400000,0x00000072da500000] [id=9864]
  0x0000021e55b8b1b0 ConcurrentGCThread "G1 Conc#0" [stack: 0x00000072da500000,0x00000072da600000] [id=14332]
  0x0000021e55bb5cf0 ConcurrentGCThread "G1 Refine#0" [stack: 0x00000072da600000,0x00000072da700000] [id=8708]
  0x0000021e55bb6720 ConcurrentGCThread "G1 Service" [stack: 0x00000072da700000,0x00000072da800000] [id=4880]

Threads with active compile tasks:
C2 CompilerThread0      483 1061       4       java.util.LinkedHashMap$LinkedHashIterator::nextNode (54 bytes)
C1 CompilerThread0      483 1056       3       jdk.tools.jlink.internal.ImageFileCreator$$Lambda$152/0x000000010011f6e0::accept (28 bytes)
C2 CompilerThread1      483  931       4       jdk.internal.org.objectweb.asm.Frame::execute (2305 bytes)

VM state: at safepoint (normal execution)

VM Mutex/Monitor currently owned by a thread:  ([mutex/lock_event])
[0x0000021e55b1b220] Threads_lock - owner thread: 0x0000021e6f7b94f0
[0x0000021e55b1b970] Heap_lock - owner thread: 0x0000021e55b209d0

Heap address: 0x0000000082200000, size: 2014 MB, Compressed Oops mode: 32-bit

CDS archive(s) not mapped
Compressed class space mapped at: 0x0000000100000000-0x0000000140000000, reserved size: 1073741824
Narrow klass base: 0x0000000000000000, Narrow klass shift: 3, Narrow klass range: 0x140000000

GC Precious Log:
 CPUs: 8 total, 8 available
 Memory: 8048M
 Large Page Support: Disabled
 NUMA Support: Disabled
 Compressed Oops: Enabled (32-bit)
 Heap Region Size: 1M
 Heap Min Capacity: 8M
 Heap Initial Capacity: 8M
 Heap Max Capacity: 2014M
 Pre-touch: Disabled
 Parallel Workers: 8
 Concurrent Workers: 2
 Concurrent Refinement Workers: 8
 Periodic GC: Disabled

Heap:
 garbage-first heap   total 11264K, used 3587K [0x0000000082200000, 0x0000000100000000)
  region size 1024K, 1 young (1024K), 1 survivors (1024K)
 Metaspace       used 10057K, committed 10368K, reserved 1114112K
  class space    used 1021K, committed 1152K, reserved 1048576K

Heap Regions: E=young(eden), S=young(survivor), O=old, HS=humongous(starts), HC=humongous(continues), CS=collection set, F=free, OA=open archive, CA=closed archive, TAMS=top-at-mark-start (previous, next)
|   0|0x0000000082200000, 0x0000000082300000, 0x0000000082300000|100%| O|  |TAMS 0x0000000082200000, 0x0000000082200000| Untracked 
|   1|0x0000000082300000, 0x0000000082400000, 0x0000000082400000|100%| O|  |TAMS 0x0000000082300000, 0x0000000082300000| Untracked 
|   2|0x0000000082400000, 0x00000000824ac000, 0x0000000082500000| 67%| O|  |TAMS 0x0000000082400000, 0x0000000082400000| Untracked 
|   3|0x0000000082500000, 0x0000000082500000, 0x0000000082600000|  0%| F|  |TAMS 0x0000000082500000, 0x0000000082500000| Untracked 
|   4|0x0000000082600000, 0x0000000082600000, 0x0000000082700000|  0%| F|  |TAMS 0x0000000082600000, 0x0000000082600000| Untracked 
|   5|0x0000000082700000, 0x0000000082700000, 0x0000000082800000|  0%| F|  |TAMS 0x0000000082700000, 0x0000000082700000| Untracked 
|   6|0x0000000082800000, 0x0000000082800000, 0x0000000082900000|  0%| F|  |TAMS 0x0000000082800000, 0x0000000082800000| Untracked 
|   7|0x0000000082900000, 0x0000000082900000, 0x0000000082a00000|  0%| F|  |TAMS 0x0000000082900000, 0x0000000082900000| Untracked 
|   8|0x0000000082a00000, 0x0000000082ad4d70, 0x0000000082b00000| 83%| S|CS|TAMS 0x0000000082a00000, 0x0000000082a00000| Complete 
|   9|0x0000000082b00000, 0x0000000082b00000, 0x0000000082c00000|  0%| F|  |TAMS 0x0000000082b00000, 0x0000000082b00000| Untracked 
|  10|0x0000000082c00000, 0x0000000082c00000, 0x0000000082d00000|  0%| F|  |TAMS 0x0000000082c00000, 0x0000000082c00000| Untracked 

Card table byte_map: [0x0000021e68720000,0x0000021e68b10000] _byte_map_base: 0x0000021e6830f000

Marking Bits (Prev, Next): (CMBitMap*) 0x0000021e55b7a2a0, (CMBitMap*) 0x0000021e55b7a2e0
 Prev Bits: [0x0000021e68f00000, 0x0000021e6ae78000)
 Next Bits: [0x0000021e6ae80000, 0x0000021e6cdf8000)

Polling page: 0x0000021e552e0000

Metaspace:

Usage:
  Non-class:      8.82 MB used.
      Class:   1021.55 KB used.
       Both:      9.82 MB used.

Virtual space:
  Non-class space:       64.00 MB reserved,       9.00 MB ( 14%) committed,  1 nodes.
      Class space:        1.00 GB reserved,       1.12 MB ( <1%) committed,  1 nodes.
             Both:        1.06 GB reserved,      10.12 MB ( <1%) committed. 

Chunk freelists:
   Non-Class:  6.72 MB
       Class:  14.88 MB
        Both:  21.61 MB

MaxMetaspaceSize: unlimited
CompressedClassSpaceSize: 1.00 GB
Initial GC threshold: 21.00 MB
Current GC threshold: 21.00 MB
CDS: off
MetaspaceReclaimPolicy: balanced
 - commit_granule_bytes: 65536.
 - commit_granule_words: 8192.
 - virtual_space_node_default_size: 8388608.
 - enlarge_chunks_in_place: 1.
 - new_chunks_are_fully_committed: 0.
 - uncommit_free_chunks: 1.
 - use_allocation_guard: 0.
 - handle_deallocations: 1.


Internal statistics:

num_allocs_failed_limit: 0.
num_arena_births: 274.
num_arena_deaths: 0.
num_vsnodes_births: 2.
num_vsnodes_deaths: 0.
num_space_committed: 162.
num_space_uncommitted: 0.
num_chunks_returned_to_freelist: 0.
num_chunks_taken_from_freelist: 342.
num_chunk_merges: 0.
num_chunk_splits: 226.
num_chunks_enlarged: 151.
num_inconsistent_stats: 0.

CodeHeap 'non-profiled nmethods': size=120000Kb used=366Kb max_used=366Kb free=119633Kb
 bounds [0x0000021e60ad0000, 0x0000021e60d40000, 0x0000021e68000000]
CodeHeap 'profiled nmethods': size=120000Kb used=1533Kb max_used=1533Kb free=118466Kb
 bounds [0x0000021e59000000, 0x0000021e59270000, 0x0000021e60530000]
CodeHeap 'non-nmethods': size=5760Kb used=1131Kb max_used=1151Kb free=4628Kb
 bounds [0x0000021e60530000, 0x0000021e607a0000, 0x0000021e60ad0000]
 total_blobs=1469 nmethods=1052 adapters=330
 compilation: enabled
              stopped_count=0, restarted_count=0
 full_count=0

Compilation events (20 events):
Event: 0.442 Thread 0x0000021e6f878660 nmethod 1045 0x0000021e60b2b210 code [0x0000021e60b2b380, 0x0000021e60b2b3f8]
Event: 0.442 Thread 0x0000021e6f878660 1026       4       jdk.internal.misc.Unsafe::allocateUninitializedArray (55 bytes)
Event: 0.443 Thread 0x0000021e6f87b390 nmethod 1048 0x0000021e5917c510 code [0x0000021e5917c760, 0x0000021e5917d038]
Event: 0.443 Thread 0x0000021e6f87b390 1049       3       jdk.internal.jimage.ImageStream::getPosition (8 bytes)
Event: 0.443 Thread 0x0000021e6f87b390 nmethod 1049 0x0000021e5917d490 code [0x0000021e5917d620, 0x0000021e5917d758]
Event: 0.443 Thread 0x0000021e6f87b390 1050       3       jdk.internal.jimage.ImageStringsReader::mutf8FromString (17 bytes)
Event: 0.443 Thread 0x0000021e6f87b390 nmethod 1050 0x0000021e5917d810 code [0x0000021e5917d9c0, 0x0000021e5917dbb8]
Event: 0.443 Thread 0x0000021e6f87b390 1051       3       jdk.internal.jimage.ImageStream::put (18 bytes)
Event: 0.443 Thread 0x0000021e6f87b390 nmethod 1051 0x0000021e5917dc90 code [0x0000021e5917de40, 0x0000021e5917e078]
Event: 0.443 Thread 0x0000021e6f87b390 1052       3       jdk.internal.jimage.ImageStream::put (7 bytes)
Event: 0.443 Thread 0x0000021e6f87b390 nmethod 1052 0x0000021e5917e190 code [0x0000021e5917e340, 0x0000021e5917e5d8]
Event: 0.443 Thread 0x0000021e6f87b390 1053       3       jdk.internal.jimage.ImageStream::put (16 bytes)
Event: 0.443 Thread 0x0000021e6f878660 nmethod 1026 0x0000021e60b2b510 code [0x0000021e60b2b6a0, 0x0000021e60b2b878]
Event: 0.443 Thread 0x0000021e6f878660 1061       4       java.util.LinkedHashMap$LinkedHashIterator::nextNode (54 bytes)
Event: 0.444 Thread 0x0000021e6f87b390 nmethod 1053 0x0000021e5917e710 code [0x0000021e5917e8c0, 0x0000021e5917ead8]
Event: 0.444 Thread 0x0000021e6f87b390 1054       3       java.nio.HeapByteBuffer::put (16 bytes)
Event: 0.444 Thread 0x0000021e6f87b390 nmethod 1054 0x0000021e5917ec10 code [0x0000021e5917ede0, 0x0000021e5917f0c8]
Event: 0.444 Thread 0x0000021e6f87b390 1055       3       java.nio.Buffer::nextPutIndex (30 bytes)
Event: 0.444 Thread 0x0000021e6f87b390 nmethod 1055 0x0000021e5917f290 code [0x0000021e5917f440, 0x0000021e5917f608]
Event: 0.444 Thread 0x0000021e6f87b390 1056       3       jdk.tools.jlink.internal.ImageFileCreator$$Lambda$152/0x000000010011f6e0::accept (28 bytes)

GC Heap History (17 events):
Event: 0.161 GC heap before
{Heap before GC invocations=0 (full 0):
 garbage-first heap   total 8192K, used 3072K [0x0000000082200000, 0x0000000100000000)
  region size 1024K, 3 young (3072K), 0 survivors (0K)
 Metaspace       used 7166K, committed 7296K, reserved 1114112K
  class space    used 650K, committed 704K, reserved 1048576K
}
Event: 0.163 GC heap after
{Heap after GC invocations=1 (full 0):
 garbage-first heap   total 8192K, used 896K [0x0000000082200000, 0x0000000100000000)
  region size 1024K, 1 young (1024K), 1 survivors (1024K)
 Metaspace       used 7166K, committed 7296K, reserved 1114112K
  class space    used 650K, committed 704K, reserved 1048576K
}
Event: 0.186 GC heap before
{Heap before GC invocations=1 (full 0):
 garbage-first heap   total 8192K, used 896K [0x0000000082200000, 0x0000000100000000)
  region size 1024K, 2 young (2048K), 1 survivors (1024K)
 Metaspace       used 7660K, committed 7808K, reserved 1114112K
  class space    used 711K, committed 768K, reserved 1048576K
}
Event: 0.189 GC heap after
{Heap after GC invocations=2 (full 0):
 garbage-first heap   total 8192K, used 1163K [0x0000000082200000, 0x0000000100000000)
  region size 1024K, 1 young (1024K), 1 survivors (1024K)
 Metaspace       used 7660K, committed 7808K, reserved 1114112K
  class space    used 711K, committed 768K, reserved 1048576K
}
Event: 0.230 GC heap before
{Heap before GC invocations=2 (full 0):
 garbage-first heap   total 8192K, used 2187K [0x0000000082200000, 0x0000000100000000)
  region size 1024K, 2 young (2048K), 1 survivors (1024K)
 Metaspace       used 8483K, committed 8640K, reserved 1114112K
  class space    used 804K, committed 896K, reserved 1048576K
}
Event: 0.230 GC heap after
{Heap after GC invocations=3 (full 0):
 garbage-first heap   total 8192K, used 1172K [0x0000000082200000, 0x0000000100000000)
  region size 1024K, 1 young (1024K), 1 survivors (1024K)
 Metaspace       used 8483K, committed 8640K, reserved 1114112K
  class space    used 804K, committed 896K, reserved 1048576K
}
Event: 0.278 GC heap before
{Heap before GC invocations=3 (full 0):
 garbage-first heap   total 8192K, used 3220K [0x0000000082200000, 0x0000000100000000)
  region size 1024K, 3 young (3072K), 1 survivors (1024K)
 Metaspace       used 8938K, committed 9152K, reserved 1114112K
  class space    used 869K, committed 960K, reserved 1048576K
}
Event: 0.280 GC heap after
{Heap after GC invocations=4 (full 0):
 garbage-first heap   total 8192K, used 2098K [0x0000000082200000, 0x0000000100000000)
  region size 1024K, 1 young (1024K), 1 survivors (1024K)
 Metaspace       used 8938K, committed 9152K, reserved 1114112K
  class space    used 869K, committed 960K, reserved 1048576K
}
Event: 0.303 GC heap before
{Heap before GC invocations=4 (full 0):
 garbage-first heap   total 8192K, used 3122K [0x0000000082200000, 0x0000000100000000)
  region size 1024K, 2 young (2048K), 1 survivors (1024K)
 Metaspace       used 9205K, committed 9344K, reserved 1114112K
  class space    used 904K, committed 960K, reserved 1048576K
}
Event: 0.306 GC heap after
{Heap after GC invocations=5 (full 0):
 garbage-first heap   total 11264K, used 2780K [0x0000000082200000, 0x0000000100000000)
  region size 1024K, 1 young (1024K), 1 survivors (1024K)
 Metaspace       used 9205K, committed 9344K, reserved 1114112K
  class space    used 904K, committed 960K, reserved 1048576K
}
Event: 0.340 GC heap before
{Heap before GC invocations=5 (full 0):
 garbage-first heap   total 11264K, used 3804K [0x0000000082200000, 0x0000000100000000)
  region size 1024K, 2 young (2048K), 1 survivors (1024K)
 Metaspace       used 9315K, committed 9472K, reserved 1114112K
  class space    used 910K, committed 960K, reserved 1048576K
}
Event: 0.343 GC heap after
{Heap after GC invocations=6 (full 0):
 garbage-first heap   total 11264K, used 3171K [0x0000000082200000, 0x0000000100000000)
  region size 1024K, 1 young (1024K), 1 survivors (1024K)
 Metaspace       used 9315K, committed 9472K, reserved 1114112K
  class space    used 910K, committed 960K, reserved 1048576K
}
Event: 0.364 GC heap before
{Heap before GC invocations=6 (full 0):
 garbage-first heap   total 11264K, used 4195K [0x0000000082200000, 0x0000000100000000)
  region size 1024K, 2 young (2048K), 1 survivors (1024K)
 Metaspace       used 9472K, committed 9728K, reserved 1114112K
  class space    used 947K, committed 1024K, reserved 1048576K
}
Event: 0.365 GC heap after
{Heap after GC invocations=7 (full 0):
 garbage-first heap   total 11264K, used 2976K [0x0000000082200000, 0x0000000100000000)
  region size 1024K, 1 young (1024K), 1 survivors (1024K)
 Metaspace       used 9472K, committed 9728K, reserved 1114112K
  class space    used 947K, committed 1024K, reserved 1048576K
}
Event: 0.398 GC heap before
{Heap before GC invocations=7 (full 0):
 garbage-first heap   total 11264K, used 5024K [0x0000000082200000, 0x0000000100000000)
  region size 1024K, 3 young (3072K), 1 survivors (1024K)
 Metaspace       used 9675K, committed 9984K, reserved 1114112K
  class space    used 974K, committed 1088K, reserved 1048576K
}
Event: 0.399 GC heap after
{Heap after GC invocations=8 (full 0):
 garbage-first heap   total 11264K, used 3122K [0x0000000082200000, 0x0000000100000000)
  region size 1024K, 1 young (1024K), 1 survivors (1024K)
 Metaspace       used 9675K, committed 9984K, reserved 1114112K
  class space    used 974K, committed 1088K, reserved 1048576K
}
Event: 0.444 GC heap before
{Heap before GC invocations=8 (full 0):
 garbage-first heap   total 11264K, used 4146K [0x0000000082200000, 0x0000000100000000)
  region size 1024K, 3 young (3072K), 1 survivors (1024K)
 Metaspace       used 10057K, committed 10368K, reserved 1114112K
  class space    used 1021K, committed 1152K, reserved 1048576K
}

Dll operation events (1 events):
Event: 0.009 Loaded shared library C:\Program Files\Android\Android Studio\jbr\bin\java.dll

Deoptimization events (20 events):
Event: 0.196 Thread 0x0000021e55b209d0 DEOPT PACKING pc=0x0000021e60ad8bb4 sp=0x00000072da2ff2d0
Event: 0.196 Thread 0x0000021e55b209d0 DEOPT UNPACKING pc=0x0000021e605869a3 sp=0x00000072da2ff200 mode 2
Event: 0.199 Thread 0x0000021e55b209d0 Uncommon trap: trap_request=0xffffff45 fr.pc=0x0000021e60ade090 relative=0x0000000000000190
Event: 0.199 Thread 0x0000021e55b209d0 Uncommon trap: reason=unstable_if action=reinterpret pc=0x0000021e60ade090 method=java.lang.String.equals(Ljava/lang/Object;)Z @ 33 c2
Event: 0.199 Thread 0x0000021e55b209d0 DEOPT PACKING pc=0x0000021e60ade090 sp=0x00000072da2ff450
Event: 0.199 Thread 0x0000021e55b209d0 DEOPT UNPACKING pc=0x0000021e605869a3 sp=0x00000072da2ff3f0 mode 2
Event: 0.220 Thread 0x0000021e55b209d0 Uncommon trap: trap_request=0xffffff45 fr.pc=0x0000021e60aece34 relative=0x0000000000000854
Event: 0.220 Thread 0x0000021e55b209d0 Uncommon trap: reason=unstable_if action=reinterpret pc=0x0000021e60aece34 method=java.util.HashMap.putVal(ILjava/lang/Object;Ljava/lang/Object;ZZ)Ljava/lang/Object; @ 181 c2
Event: 0.220 Thread 0x0000021e55b209d0 DEOPT PACKING pc=0x0000021e60aece34 sp=0x00000072da2fed90
Event: 0.220 Thread 0x0000021e55b209d0 DEOPT UNPACKING pc=0x0000021e605869a3 sp=0x00000072da2fed30 mode 2
Event: 0.265 Thread 0x0000021e55b209d0 DEOPT PACKING pc=0x0000021e59025767 sp=0x00000072da2fec60
Event: 0.265 Thread 0x0000021e55b209d0 DEOPT UNPACKING pc=0x0000021e60587143 sp=0x00000072da2fe080 mode 0
Event: 0.273 Thread 0x0000021e55b209d0 DEOPT PACKING pc=0x0000021e59024ad1 sp=0x00000072da2fec10
Event: 0.273 Thread 0x0000021e55b209d0 DEOPT UNPACKING pc=0x0000021e60587143 sp=0x00000072da2fe088 mode 0
Event: 0.307 Thread 0x0000021e55b209d0 DEOPT PACKING pc=0x0000021e590add56 sp=0x00000072da2fe630
Event: 0.307 Thread 0x0000021e55b209d0 DEOPT UNPACKING pc=0x0000021e60587143 sp=0x00000072da2fdad0 mode 0
Event: 0.310 Thread 0x0000021e55b209d0 Uncommon trap: trap_request=0xffffff45 fr.pc=0x0000021e60afc11c relative=0x00000000000003fc
Event: 0.310 Thread 0x0000021e55b209d0 Uncommon trap: reason=unstable_if action=reinterpret pc=0x0000021e60afc11c method=java.lang.StringLatin1.newString([BII)Ljava/lang/String; @ 1 c2
Event: 0.310 Thread 0x0000021e55b209d0 DEOPT PACKING pc=0x0000021e60afc11c sp=0x00000072da2fe9e0
Event: 0.310 Thread 0x0000021e55b209d0 DEOPT UNPACKING pc=0x0000021e605869a3 sp=0x00000072da2fe9a8 mode 2

Classes unloaded (0 events):
No events

Classes redefined (0 events):
No events

Internal exceptions (20 events):
Event: 0.348 Thread 0x0000021e55b209d0 Exception <a 'java/lang/NoSuchMethodError'{0x0000000082c3c828}: 'java.lang.Object java.lang.invoke.DirectMethodHandle$Holder.invokeSpecial(java.lang.Object, java.lang.Object, java.lang.Object, java.lang.Object, java.lang.Object, java.lang.Object, java.lang.Object, java.lang.Object, java.lang.Object)'> (0x0000000082c3c828) 
thrown [s\src\hotspot\share\interpreter\linkResolver.cpp, line 771]
Event: 0.349 Thread 0x0000021e55b209d0 Exception <a 'java/lang/NoSuchMethodError'{0x0000000082c44950}: 'java.lang.Object java.lang.invoke.DirectMethodHandle$Holder.invokeSpecial(java.lang.Object, java.lang.Object, java.lang.Object, double)'> (0x0000000082c44950) 
thrown [s\src\hotspot\share\interpreter\linkResolver.cpp, line 771]
Event: 0.350 Thread 0x0000021e55b209d0 Exception <a 'java/lang/NoSuchMethodError'{0x0000000082c531a8}: 'java.lang.Object java.lang.invoke.DirectMethodHandle$Holder.invokeSpecial(java.lang.Object, java.lang.Object, java.lang.Object, int, java.lang.Object)'> (0x0000000082c531a8) 
thrown [s\src\hotspot\share\interpreter\linkResolver.cpp, line 771]
Event: 0.352 Thread 0x0000021e55b209d0 Exception <a 'java/lang/NoSuchMethodError'{0x0000000082c731e0}: 'java.lang.Object java.lang.invoke.DirectMethodHandle$Holder.invokeSpecial(java.lang.Object, java.lang.Object, java.lang.Object, long, long)'> (0x0000000082c731e0) 
thrown [s\src\hotspot\share\interpreter\linkResolver.cpp, line 771]
Event: 0.357 Thread 0x0000021e55b209d0 Exception <a 'java/lang/NoSuchMethodError'{0x0000000082cb84a0}: 'int java.lang.invoke.DirectMethodHandle$Holder.invokeSpecial(java.lang.Object, java.lang.Object, java.lang.Object)'> (0x0000000082cb84a0) 
thrown [s\src\hotspot\share\interpreter\linkResolver.cpp, line 771]
Event: 0.359 Thread 0x0000021e55b209d0 Exception <a 'java/lang/NoSuchMethodError'{0x0000000082ccc880}: 'int java.lang.invoke.DirectMethodHandle$Holder.invokeSpecial(java.lang.Object, java.lang.Object, java.lang.Object, int)'> (0x0000000082ccc880) 
thrown [s\src\hotspot\share\interpreter\linkResolver.cpp, line 771]
Event: 0.360 Thread 0x0000021e55b209d0 Exception <a 'java/lang/NoSuchMethodError'{0x0000000082cd4450}: 'java.lang.Object java.lang.invoke.DirectMethodHandle$Holder.invokeSpecial(java.lang.Object, java.lang.Object, java.lang.Object, java.lang.Object, java.lang.Object, java.lang.Object, java.lang.Object, java.lang.Object, java.lang.Object, java.lang.Object, java.lang.Object)'> (0x0000000082cd4450) 
thrown [s\src\hotspot\share\interpreter\linkResolver.cpp, line 771]
Event: 0.361 Thread 0x0000021e55b209d0 Exception <a 'java/lang/NoSuchMethodError'{0x0000000082cdcd40}: 'java.lang.Object java.lang.invoke.DirectMethodHandle$Holder.invokeSpecial(java.lang.Object, java.lang.Object, java.lang.Object, java.lang.Object, java.lang.Object, java.lang.Object, java.lang.Object, java.lang.Object, java.lang.Object, java.lang.Object, java.lang.Object, java.lang.Object)'> (0x0000000082cdcd40) 
thrown [s\src\hotspot\share\interpreter\linkResolver.cpp, line 771]
Event: 0.362 Thread 0x0000021e55b209d0 Exception <a 'java/lang/NoSuchMethodError'{0x0000000082ce5ac0}: 'java.lang.Object java.lang.invoke.DirectMethodHandle$Holder.invokeSpecial(java.lang.Object, java.lang.Object, java.lang.Object, java.lang.Object, java.lang.Object, java.lang.Object, java.lang.Object, java.lang.Object, java.lang.Object, java.lang.Object, java.lang.Object, java.lang.Object, java.lang.Object)'> (0x0000000082ce5ac0) 
thrown [s\src\hotspot\share\interpreter\linkResolver.cpp, line 771]
Event: 0.362 Thread 0x0000021e55b209d0 Exception <a 'java/lang/NoSuchMethodError'{0x0000000082ceeca0}: 'java.lang.Object java.lang.invoke.DirectMethodHandle$Holder.invokeSpecial(java.lang.Object, java.lang.Object, java.lang.Object, java.lang.Object, java.lang.Object, java.lang.Object, java.lang.Object, java.lang.Object, java.lang.Object, java.lang.Object, java.lang.Object, java.lang.Object, java.lang.Object, java.lang.Object)'> (0x0000000082ceeca0) 
thrown [s\src\hotspot\share\interpreter\linkResolver.cpp, line 771]
Event: 0.363 Thread 0x0000021e55b209d0 Exception <a 'java/lang/NoSuchMethodError'{0x0000000082cf8240}: 'java.lang.Object java.lang.invoke.DirectMethodHandle$Holder.invokeSpecial(java.lang.Object, java.lang.Object, java.lang.Object, java.lang.Object, java.lang.Object, java.lang.Object, java.lang.Object, java.lang.Object, java.lang.Object, java.lang.Object, java.lang.Object, java.lang.Object, java.lang.Object, java.lang.Object, java.lang.Object)'> (0x0000000082cf8240) 
thrown [s\src\hotspot\share\interpreter\linkResolver.cpp, line 771]
Event: 0.366 Thread 0x0000021e55b209d0 Exception <a 'java/lang/NoSuchMethodError'{0x0000000082c02228}: 'java.lang.Object java.lang.invoke.DirectMethodHandle$Holder.invokeSpecial(java.lang.Object, java.lang.Object, java.lang.Object, java.lang.Object, java.lang.Object, java.lang.Object, java.lang.Object, java.lang.Object, java.lang.Object, java.lang.Object, java.lang.Object, java.lang.Object, java.lang.Object, java.lang.Object, java.lang.Object, java.lang.Object)'> (0x0000000082c02228) 
thrown [s\src\hotspot\share\interpreter\linkResolver.cpp, li
Event: 0.368 Thread 0x0000021e55b209d0 Exception <a 'java/lang/NoSuchMethodError'{0x0000000082c1cf78}: 'java.lang.Object java.lang.invoke.DirectMethodHandle$Holder.invokeSpecial(java.lang.Object, java.lang.Object, java.lang.Object, java.lang.Object, double)'> (0x0000000082c1cf78) 
thrown [s\src\hotspot\share\interpreter\linkResolver.cpp, line 771]
Event: 0.369 Thread 0x0000021e55b209d0 Exception <a 'java/lang/NoSuchMethodError'{0x0000000082c2bfe0}: 'java.lang.Object java.lang.invoke.DirectMethodHandle$Holder.invokeSpecial(java.lang.Object, java.lang.Object, java.lang.Object, java.lang.Object, java.lang.Object, long)'> (0x0000000082c2bfe0) 
thrown [s\src\hotspot\share\interpreter\linkResolver.cpp, line 771]
Event: 0.370 Thread 0x0000021e55b209d0 Exception <a 'java/lang/NoSuchMethodError'{0x0000000082c37320}: 'java.lang.Object java.lang.invoke.DirectMethodHandle$Holder.invokeSpecial(java.lang.Object, java.lang.Object, java.lang.Object, java.lang.Object, java.lang.Object, java.lang.Object, java.lang.Object, java.lang.Object, java.lang.Object, java.lang.Object)'> (0x0000000082c37320) 
thrown [s\src\hotspot\share\interpreter\linkResolver.cpp, line 771]
Event: 0.372 Thread 0x0000021e55b209d0 Exception <a 'java/lang/NoSuchMethodError'{0x0000000082c50228}: 'int java.lang.invoke.DirectMethodHandle$Holder.invokeSpecial(java.lang.Object, java.lang.Object, int)'> (0x0000000082c50228) 
thrown [s\src\hotspot\share\interpreter\linkResolver.cpp, line 771]
Event: 0.411 Thread 0x0000021e55b209d0 Exception <a 'java/lang/NoSuchMethodError'{0x0000000082c6e8f8}: 'int java.lang.invoke.DirectMethodHandle$Holder.invokeStatic(java.lang.Object, java.lang.Object, java.lang.Object, java.lang.Object)'> (0x0000000082c6e8f8) 
thrown [s\src\hotspot\share\interpreter\linkResolver.cpp, line 771]
Event: 0.418 Thread 0x0000021e55b209d0 Exception <a 'java/lang/IncompatibleClassChangeError'{0x0000000082cc3d88}: Found class java.lang.Object, but interface was expected> (0x0000000082cc3d88) 
thrown [s\src\hotspot\share\interpreter\linkResolver.cpp, line 838]
Event: 0.433 Thread 0x0000021e55b209d0 Exception <a 'java/lang/NoSuchMethodError'{0x0000000082b48fb0}: 'void java.lang.invoke.DirectMethodHandle$Holder.invokeStatic(java.lang.Object, java.lang.Object, java.lang.Object, java.lang.Object, java.lang.Object, java.lang.Object, java.lang.Object)'> (0x0000000082b48fb0) 
thrown [s\src\hotspot\share\interpreter\linkResolver.cpp, line 771]
Event: 0.434 Thread 0x0000021e55b209d0 Exception <a 'java/lang/NoSuchMethodError'{0x0000000082b50ec8}: 'java.lang.Object java.lang.invoke.DirectMethodHandle$Holder.newInvokeSpecial(java.lang.Object, java.lang.Object, java.lang.Object, java.lang.Object, java.lang.Object, java.lang.Object)'> (0x0000000082b50ec8) 
thrown [s\src\hotspot\share\interpreter\linkResolver.cpp, line 771]

VM Operations (20 events):
Event: 0.147 Executing VM operation: HandshakeAllThreads done
Event: 0.161 Executing VM operation: G1CollectForAllocation
Event: 0.163 Executing VM operation: G1CollectForAllocation done
Event: 0.186 Executing VM operation: G1CollectForAllocation
Event: 0.189 Executing VM operation: G1CollectForAllocation done
Event: 0.230 Executing VM operation: G1CollectForAllocation
Event: 0.230 Executing VM operation: G1CollectForAllocation done
Event: 0.278 Executing VM operation: G1CollectForAllocation
Event: 0.280 Executing VM operation: G1CollectForAllocation done
Event: 0.295 Executing VM operation: HandshakeAllThreads
Event: 0.295 Executing VM operation: HandshakeAllThreads done
Event: 0.303 Executing VM operation: G1CollectForAllocation
Event: 0.306 Executing VM operation: G1CollectForAllocation done
Event: 0.340 Executing VM operation: G1CollectForAllocation
Event: 0.343 Executing VM operation: G1CollectForAllocation done
Event: 0.364 Executing VM operation: G1CollectForAllocation
Event: 0.365 Executing VM operation: G1CollectForAllocation done
Event: 0.398 Executing VM operation: G1CollectForAllocation
Event: 0.399 Executing VM operation: G1CollectForAllocation done
Event: 0.444 Executing VM operation: G1CollectForAllocation

Events (20 events):
Event: 0.431 loading class java/util/regex/Pattern$First
Event: 0.431 loading class java/util/regex/Pattern$First done
Event: 0.431 loading class java/util/regex/Pattern$Start
Event: 0.431 loading class java/util/regex/Pattern$Start done
Event: 0.431 loading class java/util/regex/Pattern$TreeInfo
Event: 0.431 loading class java/util/regex/Pattern$TreeInfo done
Event: 0.431 loading class java/util/Locale$Category
Event: 0.431 loading class java/util/Locale$Category done
Event: 0.431 loading class java/util/Formatter$Conversion
Event: 0.432 loading class java/util/Formatter$Conversion done
Event: 0.432 loading class java/util/Formatter$FormatSpecifier
Event: 0.432 loading class java/util/Formatter$FormatString
Event: 0.432 loading class java/util/Formatter$FormatString done
Event: 0.432 loading class java/util/Formatter$FormatSpecifier done
Event: 0.433 loading class java/util/Formatter$Flags
Event: 0.433 loading class java/util/Formatter$Flags done
Event: 0.433 loading class java/util/Formatter$FixedString
Event: 0.433 loading class java/util/Formatter$FixedString done
Event: 0.433 loading class java/util/Formattable
Event: 0.433 loading class java/util/Formattable done


Dynamic libraries:
0x00007ff75b340000 - 0x00007ff75b348000 	C:\Program Files\Android\Android Studio\jbr\bin\jlink.exe
0x00007ff9b4230000 - 0x00007ff9b4428000 	C:\WINDOWS\SYSTEM32\ntdll.dll
0x00007ff9b2ef0000 - 0x00007ff9b2fad000 	C:\WINDOWS\System32\KERNEL32.DLL
0x00007ff9b1b90000 - 0x00007ff9b1e86000 	C:\WINDOWS\System32\KERNELBASE.dll
0x00007ff9b1a90000 - 0x00007ff9b1b90000 	C:\WINDOWS\System32\ucrtbase.dll
0x00007ff988850000 - 0x00007ff988867000 	C:\Program Files\Android\Android Studio\jbr\bin\jli.dll
0x00007ff9a1e10000 - 0x00007ff9a1e2b000 	C:\Program Files\Android\Android Studio\jbr\bin\VCRUNTIME140.dll
0x00007ff9b3d70000 - 0x00007ff9b3f0e000 	C:\WINDOWS\System32\USER32.dll
0x00007ff9b1ee0000 - 0x00007ff9b1f02000 	C:\WINDOWS\System32\win32u.dll
0x00007ff98cc60000 - 0x00007ff98cefa000 	C:\WINDOWS\WinSxS\amd64_microsoft.windows.common-controls_6595b64144ccf1df_6.0.19041.3636_none_60b6a03d71f818d5\COMCTL32.dll
0x00007ff9b39f0000 - 0x00007ff9b3a1b000 	C:\WINDOWS\System32\GDI32.dll
0x00007ff9b3cd0000 - 0x00007ff9b3d6e000 	C:\WINDOWS\System32\msvcrt.dll
0x00007ff9b2140000 - 0x00007ff9b2257000 	C:\WINDOWS\System32\gdi32full.dll
0x00007ff9b1f10000 - 0x00007ff9b1fad000 	C:\WINDOWS\System32\msvcp_win.dll
0x00007ff9b2d20000 - 0x00007ff9b2d52000 	C:\WINDOWS\System32\IMM32.DLL
0x00007ff9ace80000 - 0x00007ff9ace8c000 	C:\Program Files\Android\Android Studio\jbr\bin\vcruntime140_1.dll
0x00007ff97d790000 - 0x00007ff97d81d000 	C:\Program Files\Android\Android Studio\jbr\bin\msvcp140.dll
0x00007ff959580000 - 0x00007ff95a203000 	C:\Program Files\Android\Android Studio\jbr\bin\server\jvm.dll
0x00007ff9b2750000 - 0x00007ff9b2800000 	C:\WINDOWS\System32\ADVAPI32.dll
0x00007ff9b37b0000 - 0x00007ff9b3850000 	C:\WINDOWS\System32\sechost.dll
0x00007ff9b40c0000 - 0x00007ff9b41e5000 	C:\WINDOWS\System32\RPCRT4.dll
0x00007ff9b2110000 - 0x00007ff9b2137000 	C:\WINDOWS\System32\bcrypt.dll
0x00007ff996240000 - 0x00007ff996249000 	C:\WINDOWS\SYSTEM32\WSOCK32.dll
0x00007ff9b0e30000 - 0x00007ff9b0e7b000 	C:\WINDOWS\SYSTEM32\POWRPROF.dll
0x00007ff9b2e80000 - 0x00007ff9b2eeb000 	C:\WINDOWS\System32\WS2_32.dll
0x00007ff9a3af0000 - 0x00007ff9a3b17000 	C:\WINDOWS\SYSTEM32\WINMM.dll
0x00007ff9aad40000 - 0x00007ff9aad4a000 	C:\WINDOWS\SYSTEM32\VERSION.dll
0x00007ff9b0cf0000 - 0x00007ff9b0d02000 	C:\WINDOWS\SYSTEM32\UMPDC.dll
0x00007ff9af790000 - 0x00007ff9af7a2000 	C:\WINDOWS\SYSTEM32\kernel.appcore.dll
0x00007ff9ac4e0000 - 0x00007ff9ac4ea000 	C:\Program Files\Android\Android Studio\jbr\bin\jimage.dll
0x00007ff9aa6d0000 - 0x00007ff9aa8b4000 	C:\WINDOWS\SYSTEM32\DBGHELP.DLL
0x00007ff9aa690000 - 0x00007ff9aa6c4000 	C:\WINDOWS\SYSTEM32\dbgcore.DLL
0x00007ff9b18e0000 - 0x00007ff9b1962000 	C:\WINDOWS\System32\bcryptPrimitives.dll
0x00007ff9a3e50000 - 0x00007ff9a3e75000 	C:\Program Files\Android\Android Studio\jbr\bin\java.dll
0x00007ff9a9ad0000 - 0x00007ff9a9ae8000 	C:\Program Files\Android\Android Studio\jbr\bin\zip.dll
0x00007ff9b2fb0000 - 0x00007ff9b371b000 	C:\WINDOWS\System32\SHELL32.dll
0x00007ff9af990000 - 0x00007ff9b012e000 	C:\WINDOWS\SYSTEM32\windows.storage.dll
0x00007ff9b2920000 - 0x00007ff9b2c73000 	C:\WINDOWS\System32\combase.dll
0x00007ff9b1310000 - 0x00007ff9b133e000 	C:\WINDOWS\SYSTEM32\Wldp.dll
0x00007ff9b3a20000 - 0x00007ff9b3aed000 	C:\WINDOWS\System32\OLEAUT32.dll
0x00007ff9b2d70000 - 0x00007ff9b2e1d000 	C:\WINDOWS\System32\SHCORE.dll
0x00007ff9b2e20000 - 0x00007ff9b2e75000 	C:\WINDOWS\System32\shlwapi.dll
0x00007ff9b1810000 - 0x00007ff9b1835000 	C:\WINDOWS\SYSTEM32\profapi.dll
0x00007ff9a6c30000 - 0x00007ff9a6c49000 	C:\Program Files\Android\Android Studio\jbr\bin\net.dll
0x00007ff9aae10000 - 0x00007ff9aaf1a000 	C:\WINDOWS\SYSTEM32\WINHTTP.dll
0x00007ff9b1070000 - 0x00007ff9b10da000 	C:\WINDOWS\system32\mswsock.dll
0x00007ff989ca0000 - 0x00007ff989cb6000 	C:\Program Files\Android\Android Studio\jbr\bin\nio.dll

dbghelp: loaded successfully - version: 4.0.5 - missing functions: none
symbol engine: initialized successfully - sym options: 0x614 - pdb path: .;C:\Program Files\Android\Android Studio\jbr\bin;C:\WINDOWS\SYSTEM32;C:\WINDOWS\WinSxS\amd64_microsoft.windows.common-controls_6595b64144ccf1df_6.0.19041.3636_none_60b6a03d71f818d5;C:\Program Files\Android\Android Studio\jbr\bin\server

VM Arguments:
jvm_args: -Dapplication.home=C:\Program Files\Android\Android Studio\jbr --add-modules=ALL-DEFAULT -Xms8m -Djdk.module.main=jdk.jlink 
java_command: jdk.jlink/jdk.tools.jlink.internal.Main --module-path C:\Users\Murat\.gradle\caches\transforms-3\0ddb651e434cf0566b714f22323acfb9\transformed\output\temp\jmod --add-modules java.base --output C:\Users\Murat\.gradle\caches\transforms-3\0ddb651e434cf0566b714f22323acfb9\transformed\output\jdkImage --disable-plugin system-modules
java_class_path (initial): <not set>
Launcher Type: SUN_STANDARD

[Global flags]
     intx CICompilerCount                          = 4                                         {product} {ergonomic}
     uint ConcGCThreads                            = 2                                         {product} {ergonomic}
     uint G1ConcRefinementThreads                  = 8                                         {product} {ergonomic}
   size_t G1HeapRegionSize                         = 1048576                                   {product} {ergonomic}
    uintx GCDrainStackTargetSize                   = 64                                        {product} {ergonomic}
   size_t InitialHeapSize                          = 8388608                                   {product} {command line}
   size_t MarkStackSize                            = 4194304                                   {product} {ergonomic}
   size_t MaxHeapSize                              = 2111832064                                {product} {ergonomic}
   size_t MaxNewSize                               = 1266679808                                {product} {ergonomic}
   size_t MinHeapDeltaBytes                        = 1048576                                   {product} {ergonomic}
   size_t MinHeapSize                              = 8388608                                   {product} {command line}
    uintx NonNMethodCodeHeapSize                   = 5839372                                {pd product} {ergonomic}
    uintx NonProfiledCodeHeapSize                  = 122909434                              {pd product} {ergonomic}
    uintx ProfiledCodeHeapSize                     = 122909434                              {pd product} {ergonomic}
    uintx ReservedCodeCacheSize                    = 251658240                              {pd product} {ergonomic}
     bool SegmentedCodeCache                       = true                                      {product} {ergonomic}
   size_t SoftMaxHeapSize                          = 2111832064                             {manageable} {ergonomic}
     bool UseCompressedClassPointers               = true                           {product lp64_product} {ergonomic}
     bool UseCompressedOops                        = true                           {product lp64_product} {ergonomic}
     bool UseG1GC                                  = true                                      {product} {ergonomic}
     bool UseLargePagesIndividualAllocation        = false                                  {pd product} {ergonomic}

Logging:
Log output configuration:
 #0: stdout all=warning uptime,level,tags
 #1: stderr all=off uptime,level,tags

Environment Variables:
JAVA_HOME=C:\Program Files\Java\jdk-17
PATH=C:\Program Files\Common Files\Oracle\Java\javapath;C:\Program Files (x86)\Common Files\Oracle\Java\javapath;C:\Windows\system32;C:\Windows;C:\Windows\System32\Wbem;C:\Windows\System32\WindowsPowerShell\v1.0\;C:\Windows\System32\OpenSSH\;C:\Program Files (x86)\NVIDIA Corporation\PhysX\Common;C:\Program Files\NVIDIA Corporation\NVIDIA NvDLISR;C:\Program Files (x86)\Intel\Intel(R) Management Engine Components\DAL;C:\Program Files\Intel\Intel(R) Management Engine Components\DAL;C:\Program Files\Intel\WiFi\bin\;C:\Program Files\Common Files\Intel\WirelessCommon\;C:\WINDOWS\system32;C:\WINDOWS;C:\WINDOWS\System32\Wbem;C:\WINDOWS\System32\WindowsPowerShell\v1.0\;C:\WINDOWS\System32\OpenSSH\;C:\ProgramData\chocolatey\bin;C:\Users\Murat\AppData\Local\Android\Sdk\platform-tools;C:\Program Files\Microsoft SQL Server\150\Tools\Binn\;C:\Users\Murat\Desktop\glassfish7\glassfish\bin;C:\Program Files\Java\jdk-17\bin;C:\Program Files\nodejs\;C:\Program Files\Git\cmd;C:\Users\Murat\AppData\Local\Programs\Python\Python311\Scripts\;C:\Users\Murat\AppData\Local\Programs\Python\Python311\;C:\Users\Murat\AppData\Local\Android\Sdk\tools;C:\Users\Murat\AppData\Local\Programs\Python\Python38-32\Scripts\;C:\Users\Murat\AppData\Local\Programs\Python\Python38-32\;C:\Users\Murat\AppData\Local\Microsoft\WindowsApps;C:\Program Files\Intel\WiFi\bin\;C:\Program Files\Common Files\Intel\WirelessCommon\;C:\Program Files\JetBrains\PyCharm Community Edition 2019.3.4\bin;C:\Program Files\Java\jdk-13.0.2\bin;C:\Users\Murat\AppData\Local\Android\Sdk\platform-tools;C:\Users\Murat\AppData\Local\Programs\Microsoft VS Code\bin;C:\Users\Murat\AppData\Local\atom\bin;C:\Users\Murat\AppData\Local\Programs\Python\Python311\Lib\site-packages;C:\Program Files\Java\jdk-17\bin;C:\Users\Murat\AppData\Roaming\npm;C:\src\flutter\bin;C:\Users\Murat\AppData\Local\Pub\Cache\bin;;C:\Program Files\JetBrains\IntelliJ IDEA Community Edition 2023.3.4\bin;
USERNAME=Murat
OS=Windows_NT
PROCESSOR_IDENTIFIER=Intel64 Family 6 Model 158 Stepping 10, GenuineIntel
TMP=C:\Users\Murat\AppData\Local\Temp
TEMP=C:\Users\Murat\AppData\Local\Temp



Periodic native trim disabled

JNI global refs:
JNI global refs: 10, weak refs: 4

JNI global refs memory usage: 843, weak refs: 841

OOME stack traces (most recent first):
Classloader memory used:
Loader bootstrap                                                                       : 1162K
Loader jdk.internal.loader.ClassLoaders$AppClassLoader                                 : 87160B
Loader jdk.internal.loader.ClassLoaders$PlatformClassLoader                            : 9489B


---------------  S Y S T E M  ---------------

OS:
 Windows 10 , 64 bit Build 19041 (10.0.19041.3636)
OS uptime: 19 days 12:39 hours

CPU: total 8 (initial active 8) (4 cores per cpu, 2 threads per core) family 6 model 158 stepping 10 microcode 0xb4, cx8, cmov, fxsr, ht, mmx, 3dnowpref, sse, sse2, sse3, ssse3, sse4.1, sse4.2, popcnt, lzcnt, tsc, tscinvbit, avx, avx2, aes, erms, clmul, bmi1, bmi2, adx, fma, vzeroupper, clflush, clflushopt
Processor Information for all 8 processors :
  Max Mhz: 2401, Current Mhz: 2401, Mhz Limit: 2401

Memory: 4k page, system-wide physical 8048M (431M free)
TotalPageFile size 32624M (AvailPageFile size 6M)
current process WorkingSet (physical memory assigned to process): 59M, peak: 59M
current process commit charge ("private bytes"): 97M, peak: 108M

vm_info: OpenJDK 64-Bit Server VM (17.0.9+0--11185874) for windows-amd64 JRE (17.0.9+0--11185874), built on Dec  6 2023 18:57:44 by "androidbuild" with MS VC++ 16.10 / 16.11 (VS2019)

END.
